<?xml version="1.0" encoding="UTF-8"?>
<!-- Generated by org.testng.reporters.JUnitReportReporter -->
<testsuite hostname="INHYLVEDYAVYASC" failures="0" tests="1" name="com.Birst.Testcases.FilterBy_Validation" time="35.097" errors="0" timestamp="16 Apr 2021 05:25:14 GMT" skipped="0">
  <testcase classname="com.Birst.Testcases.FilterBy_Validation" name="NavigateToBirst" time="35.097"/>
</testsuite> <!-- com.Birst.Testcases.FilterBy_Validation -->
